<?xml version="1.0" encoding="UTF-8"?>
<testsuite xmlns:xsi="http://www.w3.org/2001/XMLSchema-instance" xsi:noNamespaceSchemaLocation="https://maven.apache.org/surefire/maven-surefire-plugin/xsd/surefire-test-report.xsd" name="WebLayerTest" time="0.608" tests="2" errors="2" skipped="0" failures="0">
  <properties>
    <property name="gopherProxySet" value="false"/>
    <property name="awt.toolkit" value="sun.lwawt.macosx.LWCToolkit"/>
    <property name="file.encoding.pkg" value="sun.io"/>
    <property name="java.specification.version" value="1.8"/>
    <property name="sun.cpu.isalist" value=""/>
    <property name="sun.jnu.encoding" value="UTF-8"/>
    <property name="java.class.path" value="/Users/sourav.kumar/Downloads/bookingserv/bookingservImplementation/target/test-classes:/Users/sourav.kumar/Downloads/bookingserv/bookingservImplementation/target/classes:/Users/sourav.kumar/.m2/repository/com/paypal/bfs/test/bookingservApi/1.0.0-SNAPSHOT/bookingservApi-1.0.0-SNAPSHOT.jar:/Users/sourav.kumar/.m2/repository/org/springframework/spring-web/5.1.10.RELEASE/spring-web-5.1.10.RELEASE.jar:/Users/sourav.kumar/.m2/repository/org/springframework/spring-beans/5.1.10.RELEASE/spring-beans-5.1.10.RELEASE.jar:/Users/sourav.kumar/.m2/repository/io/swagger/swagger-annotations/1.5.20/swagger-annotations-1.5.20.jar:/Users/sourav.kumar/.m2/repository/commons-lang/commons-lang/2.6/commons-lang-2.6.jar:/Users/sourav.kumar/.m2/repository/javax/persistence/javax.persistence-api/2.2/javax.persistence-api-2.2.jar:/Users/sourav.kumar/.m2/repository/org/springframework/boot/spring-boot-starter-test/2.1.9.RELEASE/spring-boot-starter-test-2.1.9.RELEASE.jar:/Users/sourav.kumar/.m2/repository/org/springframework/boot/spring-boot-starter/2.1.9.RELEASE/spring-boot-starter-2.1.9.RELEASE.jar:/Users/sourav.kumar/.m2/repository/org/springframework/boot/spring-boot/2.1.9.RELEASE/spring-boot-2.1.9.RELEASE.jar:/Users/sourav.kumar/.m2/repository/org/springframework/boot/spring-boot-autoconfigure/2.1.9.RELEASE/spring-boot-autoconfigure-2.1.9.RELEASE.jar:/Users/sourav.kumar/.m2/repository/org/springframework/boot/spring-boot-starter-logging/2.1.9.RELEASE/spring-boot-starter-logging-2.1.9.RELEASE.jar:/Users/sourav.kumar/.m2/repository/ch/qos/logback/logback-classic/1.2.3/logback-classic-1.2.3.jar:/Users/sourav.kumar/.m2/repository/ch/qos/logback/logback-core/1.2.3/logback-core-1.2.3.jar:/Users/sourav.kumar/.m2/repository/org/apache/logging/log4j/log4j-to-slf4j/2.11.2/log4j-to-slf4j-2.11.2.jar:/Users/sourav.kumar/.m2/repository/org/apache/logging/log4j/log4j-api/2.11.2/log4j-api-2.11.2.jar:/Users/sourav.kumar/.m2/repository/org/slf4j/jul-to-slf4j/1.7.28/jul-to-slf4j-1.7.28.jar:/Users/sourav.kumar/.m2/repository/javax/annotation/javax.annotation-api/1.3.2/javax.annotation-api-1.3.2.jar:/Users/sourav.kumar/.m2/repository/org/yaml/snakeyaml/1.23/snakeyaml-1.23.jar:/Users/sourav.kumar/.m2/repository/org/springframework/boot/spring-boot-test/2.1.9.RELEASE/spring-boot-test-2.1.9.RELEASE.jar:/Users/sourav.kumar/.m2/repository/org/springframework/boot/spring-boot-test-autoconfigure/2.1.9.RELEASE/spring-boot-test-autoconfigure-2.1.9.RELEASE.jar:/Users/sourav.kumar/.m2/repository/com/jayway/jsonpath/json-path/2.4.0/json-path-2.4.0.jar:/Users/sourav.kumar/.m2/repository/net/minidev/json-smart/2.3/json-smart-2.3.jar:/Users/sourav.kumar/.m2/repository/net/minidev/accessors-smart/1.2/accessors-smart-1.2.jar:/Users/sourav.kumar/.m2/repository/org/ow2/asm/asm/5.0.4/asm-5.0.4.jar:/Users/sourav.kumar/.m2/repository/org/slf4j/slf4j-api/1.7.28/slf4j-api-1.7.28.jar:/Users/sourav.kumar/.m2/repository/junit/junit/4.12/junit-4.12.jar:/Users/sourav.kumar/.m2/repository/org/assertj/assertj-core/3.11.1/assertj-core-3.11.1.jar:/Users/sourav.kumar/.m2/repository/org/mockito/mockito-core/2.23.4/mockito-core-2.23.4.jar:/Users/sourav.kumar/.m2/repository/net/bytebuddy/byte-buddy/1.9.16/byte-buddy-1.9.16.jar:/Users/sourav.kumar/.m2/repository/net/bytebuddy/byte-buddy-agent/1.9.16/byte-buddy-agent-1.9.16.jar:/Users/sourav.kumar/.m2/repository/org/objenesis/objenesis/2.6/objenesis-2.6.jar:/Users/sourav.kumar/.m2/repository/org/hamcrest/hamcrest-core/1.3/hamcrest-core-1.3.jar:/Users/sourav.kumar/.m2/repository/org/hamcrest/hamcrest-library/1.3/hamcrest-library-1.3.jar:/Users/sourav.kumar/.m2/repository/org/skyscreamer/jsonassert/1.5.0/jsonassert-1.5.0.jar:/Users/sourav.kumar/.m2/repository/com/vaadin/external/google/android-json/0.0.20131108.vaadin1/android-json-0.0.20131108.vaadin1.jar:/Users/sourav.kumar/.m2/repository/org/springframework/spring-core/5.1.10.RELEASE/spring-core-5.1.10.RELEASE.jar:/Users/sourav.kumar/.m2/repository/org/springframework/spring-jcl/5.1.10.RELEASE/spring-jcl-5.1.10.RELEASE.jar:/Users/sourav.kumar/.m2/repository/org/springframework/spring-test/5.1.10.RELEASE/spring-test-5.1.10.RELEASE.jar:/Users/sourav.kumar/.m2/repository/org/xmlunit/xmlunit-core/2.6.3/xmlunit-core-2.6.3.jar:/Users/sourav.kumar/.m2/repository/org/springframework/boot/spring-boot-starter-data-jpa/2.1.9.RELEASE/spring-boot-starter-data-jpa-2.1.9.RELEASE.jar:/Users/sourav.kumar/.m2/repository/org/springframework/boot/spring-boot-starter-aop/2.1.9.RELEASE/spring-boot-starter-aop-2.1.9.RELEASE.jar:/Users/sourav.kumar/.m2/repository/org/springframework/spring-aop/5.1.10.RELEASE/spring-aop-5.1.10.RELEASE.jar:/Users/sourav.kumar/.m2/repository/org/aspectj/aspectjweaver/1.9.4/aspectjweaver-1.9.4.jar:/Users/sourav.kumar/.m2/repository/org/springframework/boot/spring-boot-starter-jdbc/2.1.9.RELEASE/spring-boot-starter-jdbc-2.1.9.RELEASE.jar:/Users/sourav.kumar/.m2/repository/com/zaxxer/HikariCP/3.2.0/HikariCP-3.2.0.jar:/Users/sourav.kumar/.m2/repository/org/springframework/spring-jdbc/5.1.10.RELEASE/spring-jdbc-5.1.10.RELEASE.jar:/Users/sourav.kumar/.m2/repository/javax/transaction/javax.transaction-api/1.3/javax.transaction-api-1.3.jar:/Users/sourav.kumar/.m2/repository/javax/xml/bind/jaxb-api/2.3.1/jaxb-api-2.3.1.jar:/Users/sourav.kumar/.m2/repository/javax/activation/javax.activation-api/1.2.0/javax.activation-api-1.2.0.jar:/Users/sourav.kumar/.m2/repository/org/hibernate/hibernate-core/5.3.12.Final/hibernate-core-5.3.12.Final.jar:/Users/sourav.kumar/.m2/repository/org/jboss/logging/jboss-logging/3.3.3.Final/jboss-logging-3.3.3.Final.jar:/Users/sourav.kumar/.m2/repository/org/javassist/javassist/3.23.2-GA/javassist-3.23.2-GA.jar:/Users/sourav.kumar/.m2/repository/antlr/antlr/2.7.7/antlr-2.7.7.jar:/Users/sourav.kumar/.m2/repository/org/jboss/jandex/2.0.5.Final/jandex-2.0.5.Final.jar:/Users/sourav.kumar/.m2/repository/com/fasterxml/classmate/1.4.0/classmate-1.4.0.jar:/Users/sourav.kumar/.m2/repository/org/dom4j/dom4j/2.1.1/dom4j-2.1.1.jar:/Users/sourav.kumar/.m2/repository/org/hibernate/common/hibernate-commons-annotations/5.0.4.Final/hibernate-commons-annotations-5.0.4.Final.jar:/Users/sourav.kumar/.m2/repository/org/glassfish/jaxb/jaxb-runtime/2.3.1/jaxb-runtime-2.3.1.jar:/Users/sourav.kumar/.m2/repository/org/glassfish/jaxb/txw2/2.3.1/txw2-2.3.1.jar:/Users/sourav.kumar/.m2/repository/com/sun/istack/istack-commons-runtime/3.0.7/istack-commons-runtime-3.0.7.jar:/Users/sourav.kumar/.m2/repository/org/jvnet/staxex/stax-ex/1.8/stax-ex-1.8.jar:/Users/sourav.kumar/.m2/repository/com/sun/xml/fastinfoset/FastInfoset/1.2.15/FastInfoset-1.2.15.jar:/Users/sourav.kumar/.m2/repository/org/springframework/data/spring-data-jpa/2.1.11.RELEASE/spring-data-jpa-2.1.11.RELEASE.jar:/Users/sourav.kumar/.m2/repository/org/springframework/data/spring-data-commons/2.1.11.RELEASE/spring-data-commons-2.1.11.RELEASE.jar:/Users/sourav.kumar/.m2/repository/org/springframework/spring-orm/5.1.10.RELEASE/spring-orm-5.1.10.RELEASE.jar:/Users/sourav.kumar/.m2/repository/org/springframework/spring-context/5.1.10.RELEASE/spring-context-5.1.10.RELEASE.jar:/Users/sourav.kumar/.m2/repository/org/springframework/spring-tx/5.1.10.RELEASE/spring-tx-5.1.10.RELEASE.jar:/Users/sourav.kumar/.m2/repository/org/springframework/spring-aspects/5.1.10.RELEASE/spring-aspects-5.1.10.RELEASE.jar:/Users/sourav.kumar/.m2/repository/org/springframework/boot/spring-boot-starter-web/2.1.9.RELEASE/spring-boot-starter-web-2.1.9.RELEASE.jar:/Users/sourav.kumar/.m2/repository/org/springframework/boot/spring-boot-starter-json/2.1.9.RELEASE/spring-boot-starter-json-2.1.9.RELEASE.jar:/Users/sourav.kumar/.m2/repository/com/fasterxml/jackson/core/jackson-databind/2.9.9.3/jackson-databind-2.9.9.3.jar:/Users/sourav.kumar/.m2/repository/com/fasterxml/jackson/core/jackson-core/2.9.9/jackson-core-2.9.9.jar:/Users/sourav.kumar/.m2/repository/com/fasterxml/jackson/datatype/jackson-datatype-jdk8/2.9.9/jackson-datatype-jdk8-2.9.9.jar:/Users/sourav.kumar/.m2/repository/com/fasterxml/jackson/datatype/jackson-datatype-jsr310/2.9.9/jackson-datatype-jsr310-2.9.9.jar:/Users/sourav.kumar/.m2/repository/com/fasterxml/jackson/module/jackson-module-parameter-names/2.9.9/jackson-module-parameter-names-2.9.9.jar:/Users/sourav.kumar/.m2/repository/org/springframework/boot/spring-boot-starter-tomcat/2.1.9.RELEASE/spring-boot-starter-tomcat-2.1.9.RELEASE.jar:/Users/sourav.kumar/.m2/repository/org/apache/tomcat/embed/tomcat-embed-core/9.0.26/tomcat-embed-core-9.0.26.jar:/Users/sourav.kumar/.m2/repository/org/apache/tomcat/embed/tomcat-embed-el/9.0.26/tomcat-embed-el-9.0.26.jar:/Users/sourav.kumar/.m2/repository/org/apache/tomcat/embed/tomcat-embed-websocket/9.0.26/tomcat-embed-websocket-9.0.26.jar:/Users/sourav.kumar/.m2/repository/org/hibernate/validator/hibernate-validator/6.0.17.Final/hibernate-validator-6.0.17.Final.jar:/Users/sourav.kumar/.m2/repository/javax/validation/validation-api/2.0.1.Final/validation-api-2.0.1.Final.jar:/Users/sourav.kumar/.m2/repository/org/springframework/spring-webmvc/5.1.10.RELEASE/spring-webmvc-5.1.10.RELEASE.jar:/Users/sourav.kumar/.m2/repository/org/springframework/spring-expression/5.1.10.RELEASE/spring-expression-5.1.10.RELEASE.jar:/Users/sourav.kumar/.m2/repository/org/projectlombok/lombok/1.16.22/lombok-1.16.22.jar:/Users/sourav.kumar/.m2/repository/com/fasterxml/jackson/core/jackson-annotations/2.9.0/jackson-annotations-2.9.0.jar:/Users/sourav.kumar/.m2/repository/com/h2database/h2/1.4.197/h2-1.4.197.jar:"/>
    <property name="java.vm.vendor" value="Oracle Corporation"/>
    <property name="sun.arch.data.model" value="64"/>
    <property name="java.vendor.url" value="http://java.oracle.com/"/>
    <property name="user.timezone" value=""/>
    <property name="java.vm.specification.version" value="1.8"/>
    <property name="os.name" value="Mac OS X"/>
    <property name="user.country" value="IN"/>
    <property name="sun.java.launcher" value="SUN_STANDARD"/>
    <property name="sun.boot.library.path" value="/Library/Java/JavaVirtualMachines/jdk1.8.0_271.jdk/Contents/Home/jre/lib"/>
    <property name="sun.java.command" value="/Users/sourav.kumar/Downloads/bookingserv/bookingservImplementation/target/surefire/surefirebooter4828255291617302388.jar /Users/sourav.kumar/Downloads/bookingserv/bookingservImplementation/target/surefire 2022-01-08T23-02-14_289-jvmRun1 surefire6732535958358036905tmp surefire_07882394698177677722tmp"/>
    <property name="surefire.test.class.path" value="/Users/sourav.kumar/Downloads/bookingserv/bookingservImplementation/target/test-classes:/Users/sourav.kumar/Downloads/bookingserv/bookingservImplementation/target/classes:/Users/sourav.kumar/.m2/repository/com/paypal/bfs/test/bookingservApi/1.0.0-SNAPSHOT/bookingservApi-1.0.0-SNAPSHOT.jar:/Users/sourav.kumar/.m2/repository/org/springframework/spring-web/5.1.10.RELEASE/spring-web-5.1.10.RELEASE.jar:/Users/sourav.kumar/.m2/repository/org/springframework/spring-beans/5.1.10.RELEASE/spring-beans-5.1.10.RELEASE.jar:/Users/sourav.kumar/.m2/repository/io/swagger/swagger-annotations/1.5.20/swagger-annotations-1.5.20.jar:/Users/sourav.kumar/.m2/repository/commons-lang/commons-lang/2.6/commons-lang-2.6.jar:/Users/sourav.kumar/.m2/repository/javax/persistence/javax.persistence-api/2.2/javax.persistence-api-2.2.jar:/Users/sourav.kumar/.m2/repository/org/springframework/boot/spring-boot-starter-test/2.1.9.RELEASE/spring-boot-starter-test-2.1.9.RELEASE.jar:/Users/sourav.kumar/.m2/repository/org/springframework/boot/spring-boot-starter/2.1.9.RELEASE/spring-boot-starter-2.1.9.RELEASE.jar:/Users/sourav.kumar/.m2/repository/org/springframework/boot/spring-boot/2.1.9.RELEASE/spring-boot-2.1.9.RELEASE.jar:/Users/sourav.kumar/.m2/repository/org/springframework/boot/spring-boot-autoconfigure/2.1.9.RELEASE/spring-boot-autoconfigure-2.1.9.RELEASE.jar:/Users/sourav.kumar/.m2/repository/org/springframework/boot/spring-boot-starter-logging/2.1.9.RELEASE/spring-boot-starter-logging-2.1.9.RELEASE.jar:/Users/sourav.kumar/.m2/repository/ch/qos/logback/logback-classic/1.2.3/logback-classic-1.2.3.jar:/Users/sourav.kumar/.m2/repository/ch/qos/logback/logback-core/1.2.3/logback-core-1.2.3.jar:/Users/sourav.kumar/.m2/repository/org/apache/logging/log4j/log4j-to-slf4j/2.11.2/log4j-to-slf4j-2.11.2.jar:/Users/sourav.kumar/.m2/repository/org/apache/logging/log4j/log4j-api/2.11.2/log4j-api-2.11.2.jar:/Users/sourav.kumar/.m2/repository/org/slf4j/jul-to-slf4j/1.7.28/jul-to-slf4j-1.7.28.jar:/Users/sourav.kumar/.m2/repository/javax/annotation/javax.annotation-api/1.3.2/javax.annotation-api-1.3.2.jar:/Users/sourav.kumar/.m2/repository/org/yaml/snakeyaml/1.23/snakeyaml-1.23.jar:/Users/sourav.kumar/.m2/repository/org/springframework/boot/spring-boot-test/2.1.9.RELEASE/spring-boot-test-2.1.9.RELEASE.jar:/Users/sourav.kumar/.m2/repository/org/springframework/boot/spring-boot-test-autoconfigure/2.1.9.RELEASE/spring-boot-test-autoconfigure-2.1.9.RELEASE.jar:/Users/sourav.kumar/.m2/repository/com/jayway/jsonpath/json-path/2.4.0/json-path-2.4.0.jar:/Users/sourav.kumar/.m2/repository/net/minidev/json-smart/2.3/json-smart-2.3.jar:/Users/sourav.kumar/.m2/repository/net/minidev/accessors-smart/1.2/accessors-smart-1.2.jar:/Users/sourav.kumar/.m2/repository/org/ow2/asm/asm/5.0.4/asm-5.0.4.jar:/Users/sourav.kumar/.m2/repository/org/slf4j/slf4j-api/1.7.28/slf4j-api-1.7.28.jar:/Users/sourav.kumar/.m2/repository/junit/junit/4.12/junit-4.12.jar:/Users/sourav.kumar/.m2/repository/org/assertj/assertj-core/3.11.1/assertj-core-3.11.1.jar:/Users/sourav.kumar/.m2/repository/org/mockito/mockito-core/2.23.4/mockito-core-2.23.4.jar:/Users/sourav.kumar/.m2/repository/net/bytebuddy/byte-buddy/1.9.16/byte-buddy-1.9.16.jar:/Users/sourav.kumar/.m2/repository/net/bytebuddy/byte-buddy-agent/1.9.16/byte-buddy-agent-1.9.16.jar:/Users/sourav.kumar/.m2/repository/org/objenesis/objenesis/2.6/objenesis-2.6.jar:/Users/sourav.kumar/.m2/repository/org/hamcrest/hamcrest-core/1.3/hamcrest-core-1.3.jar:/Users/sourav.kumar/.m2/repository/org/hamcrest/hamcrest-library/1.3/hamcrest-library-1.3.jar:/Users/sourav.kumar/.m2/repository/org/skyscreamer/jsonassert/1.5.0/jsonassert-1.5.0.jar:/Users/sourav.kumar/.m2/repository/com/vaadin/external/google/android-json/0.0.20131108.vaadin1/android-json-0.0.20131108.vaadin1.jar:/Users/sourav.kumar/.m2/repository/org/springframework/spring-core/5.1.10.RELEASE/spring-core-5.1.10.RELEASE.jar:/Users/sourav.kumar/.m2/repository/org/springframework/spring-jcl/5.1.10.RELEASE/spring-jcl-5.1.10.RELEASE.jar:/Users/sourav.kumar/.m2/repository/org/springframework/spring-test/5.1.10.RELEASE/spring-test-5.1.10.RELEASE.jar:/Users/sourav.kumar/.m2/repository/org/xmlunit/xmlunit-core/2.6.3/xmlunit-core-2.6.3.jar:/Users/sourav.kumar/.m2/repository/org/springframework/boot/spring-boot-starter-data-jpa/2.1.9.RELEASE/spring-boot-starter-data-jpa-2.1.9.RELEASE.jar:/Users/sourav.kumar/.m2/repository/org/springframework/boot/spring-boot-starter-aop/2.1.9.RELEASE/spring-boot-starter-aop-2.1.9.RELEASE.jar:/Users/sourav.kumar/.m2/repository/org/springframework/spring-aop/5.1.10.RELEASE/spring-aop-5.1.10.RELEASE.jar:/Users/sourav.kumar/.m2/repository/org/aspectj/aspectjweaver/1.9.4/aspectjweaver-1.9.4.jar:/Users/sourav.kumar/.m2/repository/org/springframework/boot/spring-boot-starter-jdbc/2.1.9.RELEASE/spring-boot-starter-jdbc-2.1.9.RELEASE.jar:/Users/sourav.kumar/.m2/repository/com/zaxxer/HikariCP/3.2.0/HikariCP-3.2.0.jar:/Users/sourav.kumar/.m2/repository/org/springframework/spring-jdbc/5.1.10.RELEASE/spring-jdbc-5.1.10.RELEASE.jar:/Users/sourav.kumar/.m2/repository/javax/transaction/javax.transaction-api/1.3/javax.transaction-api-1.3.jar:/Users/sourav.kumar/.m2/repository/javax/xml/bind/jaxb-api/2.3.1/jaxb-api-2.3.1.jar:/Users/sourav.kumar/.m2/repository/javax/activation/javax.activation-api/1.2.0/javax.activation-api-1.2.0.jar:/Users/sourav.kumar/.m2/repository/org/hibernate/hibernate-core/5.3.12.Final/hibernate-core-5.3.12.Final.jar:/Users/sourav.kumar/.m2/repository/org/jboss/logging/jboss-logging/3.3.3.Final/jboss-logging-3.3.3.Final.jar:/Users/sourav.kumar/.m2/repository/org/javassist/javassist/3.23.2-GA/javassist-3.23.2-GA.jar:/Users/sourav.kumar/.m2/repository/antlr/antlr/2.7.7/antlr-2.7.7.jar:/Users/sourav.kumar/.m2/repository/org/jboss/jandex/2.0.5.Final/jandex-2.0.5.Final.jar:/Users/sourav.kumar/.m2/repository/com/fasterxml/classmate/1.4.0/classmate-1.4.0.jar:/Users/sourav.kumar/.m2/repository/org/dom4j/dom4j/2.1.1/dom4j-2.1.1.jar:/Users/sourav.kumar/.m2/repository/org/hibernate/common/hibernate-commons-annotations/5.0.4.Final/hibernate-commons-annotations-5.0.4.Final.jar:/Users/sourav.kumar/.m2/repository/org/glassfish/jaxb/jaxb-runtime/2.3.1/jaxb-runtime-2.3.1.jar:/Users/sourav.kumar/.m2/repository/org/glassfish/jaxb/txw2/2.3.1/txw2-2.3.1.jar:/Users/sourav.kumar/.m2/repository/com/sun/istack/istack-commons-runtime/3.0.7/istack-commons-runtime-3.0.7.jar:/Users/sourav.kumar/.m2/repository/org/jvnet/staxex/stax-ex/1.8/stax-ex-1.8.jar:/Users/sourav.kumar/.m2/repository/com/sun/xml/fastinfoset/FastInfoset/1.2.15/FastInfoset-1.2.15.jar:/Users/sourav.kumar/.m2/repository/org/springframework/data/spring-data-jpa/2.1.11.RELEASE/spring-data-jpa-2.1.11.RELEASE.jar:/Users/sourav.kumar/.m2/repository/org/springframework/data/spring-data-commons/2.1.11.RELEASE/spring-data-commons-2.1.11.RELEASE.jar:/Users/sourav.kumar/.m2/repository/org/springframework/spring-orm/5.1.10.RELEASE/spring-orm-5.1.10.RELEASE.jar:/Users/sourav.kumar/.m2/repository/org/springframework/spring-context/5.1.10.RELEASE/spring-context-5.1.10.RELEASE.jar:/Users/sourav.kumar/.m2/repository/org/springframework/spring-tx/5.1.10.RELEASE/spring-tx-5.1.10.RELEASE.jar:/Users/sourav.kumar/.m2/repository/org/springframework/spring-aspects/5.1.10.RELEASE/spring-aspects-5.1.10.RELEASE.jar:/Users/sourav.kumar/.m2/repository/org/springframework/boot/spring-boot-starter-web/2.1.9.RELEASE/spring-boot-starter-web-2.1.9.RELEASE.jar:/Users/sourav.kumar/.m2/repository/org/springframework/boot/spring-boot-starter-json/2.1.9.RELEASE/spring-boot-starter-json-2.1.9.RELEASE.jar:/Users/sourav.kumar/.m2/repository/com/fasterxml/jackson/core/jackson-databind/2.9.9.3/jackson-databind-2.9.9.3.jar:/Users/sourav.kumar/.m2/repository/com/fasterxml/jackson/core/jackson-core/2.9.9/jackson-core-2.9.9.jar:/Users/sourav.kumar/.m2/repository/com/fasterxml/jackson/datatype/jackson-datatype-jdk8/2.9.9/jackson-datatype-jdk8-2.9.9.jar:/Users/sourav.kumar/.m2/repository/com/fasterxml/jackson/datatype/jackson-datatype-jsr310/2.9.9/jackson-datatype-jsr310-2.9.9.jar:/Users/sourav.kumar/.m2/repository/com/fasterxml/jackson/module/jackson-module-parameter-names/2.9.9/jackson-module-parameter-names-2.9.9.jar:/Users/sourav.kumar/.m2/repository/org/springframework/boot/spring-boot-starter-tomcat/2.1.9.RELEASE/spring-boot-starter-tomcat-2.1.9.RELEASE.jar:/Users/sourav.kumar/.m2/repository/org/apache/tomcat/embed/tomcat-embed-core/9.0.26/tomcat-embed-core-9.0.26.jar:/Users/sourav.kumar/.m2/repository/org/apache/tomcat/embed/tomcat-embed-el/9.0.26/tomcat-embed-el-9.0.26.jar:/Users/sourav.kumar/.m2/repository/org/apache/tomcat/embed/tomcat-embed-websocket/9.0.26/tomcat-embed-websocket-9.0.26.jar:/Users/sourav.kumar/.m2/repository/org/hibernate/validator/hibernate-validator/6.0.17.Final/hibernate-validator-6.0.17.Final.jar:/Users/sourav.kumar/.m2/repository/javax/validation/validation-api/2.0.1.Final/validation-api-2.0.1.Final.jar:/Users/sourav.kumar/.m2/repository/org/springframework/spring-webmvc/5.1.10.RELEASE/spring-webmvc-5.1.10.RELEASE.jar:/Users/sourav.kumar/.m2/repository/org/springframework/spring-expression/5.1.10.RELEASE/spring-expression-5.1.10.RELEASE.jar:/Users/sourav.kumar/.m2/repository/org/projectlombok/lombok/1.16.22/lombok-1.16.22.jar:/Users/sourav.kumar/.m2/repository/com/fasterxml/jackson/core/jackson-annotations/2.9.0/jackson-annotations-2.9.0.jar:/Users/sourav.kumar/.m2/repository/com/h2database/h2/1.4.197/h2-1.4.197.jar:"/>
    <property name="sun.cpu.endian" value="little"/>
    <property name="user.home" value="/Users/sourav.kumar"/>
    <property name="user.language" value="en"/>
    <property name="java.specification.vendor" value="Oracle Corporation"/>
    <property name="java.home" value="/Library/Java/JavaVirtualMachines/jdk1.8.0_271.jdk/Contents/Home/jre"/>
    <property name="basedir" value="/Users/sourav.kumar/Downloads/bookingserv/bookingservImplementation"/>
    <property name="file.separator" value="/"/>
    <property name="line.separator" value="&#10;"/>
    <property name="java.vm.specification.vendor" value="Oracle Corporation"/>
    <property name="java.specification.name" value="Java Platform API Specification"/>
    <property name="java.awt.graphicsenv" value="sun.awt.CGraphicsEnvironment"/>
    <property name="surefire.real.class.path" value="/Users/sourav.kumar/Downloads/bookingserv/bookingservImplementation/target/surefire/surefirebooter4828255291617302388.jar"/>
    <property name="sun.boot.class.path" value="/Library/Java/JavaVirtualMachines/jdk1.8.0_271.jdk/Contents/Home/jre/lib/resources.jar:/Library/Java/JavaVirtualMachines/jdk1.8.0_271.jdk/Contents/Home/jre/lib/rt.jar:/Library/Java/JavaVirtualMachines/jdk1.8.0_271.jdk/Contents/Home/jre/lib/sunrsasign.jar:/Library/Java/JavaVirtualMachines/jdk1.8.0_271.jdk/Contents/Home/jre/lib/jsse.jar:/Library/Java/JavaVirtualMachines/jdk1.8.0_271.jdk/Contents/Home/jre/lib/jce.jar:/Library/Java/JavaVirtualMachines/jdk1.8.0_271.jdk/Contents/Home/jre/lib/charsets.jar:/Library/Java/JavaVirtualMachines/jdk1.8.0_271.jdk/Contents/Home/jre/lib/jfr.jar:/Library/Java/JavaVirtualMachines/jdk1.8.0_271.jdk/Contents/Home/jre/classes"/>
    <property name="sun.management.compiler" value="HotSpot 64-Bit Tiered Compilers"/>
    <property name="java.runtime.version" value="1.8.0_271-b09"/>
    <property name="user.name" value="sourav.kumar"/>
    <property name="path.separator" value=":"/>
    <property name="os.version" value="10.15.7"/>
    <property name="java.endorsed.dirs" value="/Library/Java/JavaVirtualMachines/jdk1.8.0_271.jdk/Contents/Home/jre/lib/endorsed"/>
    <property name="java.runtime.name" value="Java(TM) SE Runtime Environment"/>
    <property name="file.encoding" value="US-ASCII"/>
    <property name="java.vm.name" value="Java HotSpot(TM) 64-Bit Server VM"/>
    <property name="localRepository" value="/Users/sourav.kumar/.m2/repository"/>
    <property name="java.vendor.url.bug" value="http://bugreport.sun.com/bugreport/"/>
    <property name="java.io.tmpdir" value="/var/folders/jn/2xn_bgc56rl79ghfhrfl8vkh6mbpn9/T/"/>
    <property name="java.version" value="1.8.0_271"/>
    <property name="user.dir" value="/Users/sourav.kumar/Downloads/bookingserv/bookingservImplementation"/>
    <property name="os.arch" value="x86_64"/>
    <property name="java.vm.specification.name" value="Java Virtual Machine Specification"/>
    <property name="java.awt.printerjob" value="sun.lwawt.macosx.CPrinterJob"/>
    <property name="sun.os.patch.level" value="unknown"/>
    <property name="java.library.path" value="/Users/sourav.kumar/Library/Java/Extensions:/Library/Java/Extensions:/Network/Library/Java/Extensions:/System/Library/Java/Extensions:/usr/lib/java:."/>
    <property name="java.vm.info" value="mixed mode"/>
    <property name="java.vendor" value="Oracle Corporation"/>
    <property name="java.vm.version" value="25.271-b09"/>
    <property name="java.ext.dirs" value="/Users/sourav.kumar/Library/Java/Extensions:/Library/Java/JavaVirtualMachines/jdk1.8.0_271.jdk/Contents/Home/jre/lib/ext:/Library/Java/Extensions:/Network/Library/Java/Extensions:/System/Library/Java/Extensions:/usr/lib/java"/>
    <property name="sun.io.unicode.encoding" value="UnicodeBig"/>
    <property name="java.class.version" value="52.0"/>
  </properties>
  <testcase name="creatingBookingShouldBeSucessful" classname="WebLayerTest" time="0.043">
    <error type="java.lang.NullPointerException">java.lang.NullPointerException
	at WebLayerTest.creatingBookingShouldBeSucessful(WebLayerTest.java:56)
</error>
    <system-out><![CDATA[service
]]></system-out>
  </testcase>
  <testcase name="creatingBookingShouldBeSucessful" classname="WebLayerTest" time="0.062">
    <error message="&#10;Misplaced or misused argument matcher detected here:&#10;&#10;-&gt; at WebLayerTest.creatingBookingShouldBeSucessful(WebLayerTest.java:56)&#10;&#10;You cannot use argument matchers outside of verification or stubbing.&#10;Examples of correct usage of argument matchers:&#10;    when(mock.get(anyInt())).thenReturn(null);&#10;    doThrow(new RuntimeException()).when(mock).someVoidMethod(anyObject());&#10;    verify(mock).someMethod(contains(&quot;foo&quot;))&#10;&#10;This message may appear after an NullPointerException if the last matcher is returning an object &#10;like any() but the stubbed method signature expect a primitive argument, in this case,&#10;use primitive alternatives.&#10;    when(mock.get(any())); // bad use, will raise NPE&#10;    when(mock.get(anyInt())); // correct usage use&#10;&#10;Also, this error might show up because you use argument matchers with methods that cannot be mocked.&#10;Following methods *cannot* be stubbed/verified: final/private/equals()/hashCode().&#10;Mocking methods declared on non-public parent classes is not supported.&#10;" type="org.mockito.exceptions.misusing.InvalidUseOfMatchersException">org.mockito.exceptions.misusing.InvalidUseOfMatchersException: 

Misplaced or misused argument matcher detected here:

-> at WebLayerTest.creatingBookingShouldBeSucessful(WebLayerTest.java:56)

You cannot use argument matchers outside of verification or stubbing.
Examples of correct usage of argument matchers:
    when(mock.get(anyInt())).thenReturn(null);
    doThrow(new RuntimeException()).when(mock).someVoidMethod(anyObject());
    verify(mock).someMethod(contains("foo"))

This message may appear after an NullPointerException if the last matcher is returning an object 
like any() but the stubbed method signature expect a primitive argument, in this case,
use primitive alternatives.
    when(mock.get(any())); // bad use, will raise NPE
    when(mock.get(anyInt())); // correct usage use

Also, this error might show up because you use argument matchers with methods that cannot be mocked.
Following methods *cannot* be stubbed/verified: final/private/equals()/hashCode().
Mocking methods declared on non-public parent classes is not supported.

</error>
  </testcase>
</testsuite>